<?xml version="1.0" encoding="UTF-8"?>
<!-- Generated by org.testng.reporters.JUnitXMLReporter -->
<testsuite ignored="0" hostname="nitin" failures="0" tests="4" name="Test" time="0.112" errors="0" timestamp="2022-09-13T00:55:31 IST">
  <testcase classname="scripts.test1" name="tc1" time="0.014"/>
  <testcase classname="scripts.test4" name="tc1" time="0.004"/>
  <testcase classname="scripts.test2" name="tc1" time="0.009"/>
  <testcase classname="scripts.test3" name="tc1" time="0.002"/>
</testsuite> <!-- Test -->
