<?xml version="1.0" encoding="UTF-8"?>
<testng-results ignored="0" total="4" passed="4" failed="0" skipped="0">
  <reporter-output>
    <line>
      <![CDATA[hello java]]>
    </line>
    <line>
      <![CDATA[hello pythonselenium]]>
    </line>
    <line>
      <![CDATA[hello selenium]]>
    </line>
    <line>
      <![CDATA[hello python]]>
    </line>
  </reporter-output>
  <suite started-at="2022-09-13T00:55:31 IST" name="Suite" finished-at="2022-09-13T00:55:31 IST" duration-ms="112">
    <groups>
    </groups>
    <test started-at="2022-09-13T00:55:31 IST" name="Test" finished-at="2022-09-13T00:55:31 IST" duration-ms="112">
      <class name="scripts.test4">
        <test-method signature="tc1()[pri:0, instance:scripts.test4@41fecb8b]" started-at="2022-09-13T00:55:31 IST" name="tc1" finished-at="2022-09-13T00:55:31 IST" duration-ms="4" status="PASS">
          <reporter-output>
            <line>
              <![CDATA[hello pythonselenium]]>
            </line>
          </reporter-output>
        </test-method> <!-- tc1 -->
      </class> <!-- scripts.test4 -->
      <class name="scripts.test1">
        <test-method signature="tc1()[pri:0, instance:scripts.test1@3e6ef8ad]" started-at="2022-09-13T00:55:31 IST" name="tc1" finished-at="2022-09-13T00:55:31 IST" duration-ms="14" status="PASS">
          <reporter-output>
            <line>
              <![CDATA[hello java]]>
            </line>
          </reporter-output>
        </test-method> <!-- tc1 -->
      </class> <!-- scripts.test1 -->
      <class name="scripts.test2">
        <test-method signature="tc1()[pri:0, instance:scripts.test2@120f102b]" started-at="2022-09-13T00:55:31 IST" name="tc1" finished-at="2022-09-13T00:55:31 IST" duration-ms="9" status="PASS">
          <reporter-output>
            <line>
              <![CDATA[hello selenium]]>
            </line>
          </reporter-output>
        </test-method> <!-- tc1 -->
      </class> <!-- scripts.test2 -->
      <class name="scripts.test3">
        <test-method signature="tc1()[pri:0, instance:scripts.test3@625732]" started-at="2022-09-13T00:55:31 IST" name="tc1" finished-at="2022-09-13T00:55:31 IST" duration-ms="2" status="PASS">
          <reporter-output>
            <line>
              <![CDATA[hello python]]>
            </line>
          </reporter-output>
        </test-method> <!-- tc1 -->
      </class> <!-- scripts.test3 -->
    </test> <!-- Test -->
  </suite> <!-- Suite -->
</testng-results>
